02:36:07 **** Incremental Build of configuration Nios II for project nios_led2 ****
make all 
Info: Building ../nios_led2_bsp/
make --no-print-directory -C ../nios_led2_bsp/
[BSP build complete]
Info: Compiling main.c to obj/default/main.o
nios2-elf-gcc -xc -MP -MMD -c -I../nios_led2_bsp//HAL/inc -I../nios_led2_bsp/ -I../nios_led2_bsp//drivers/inc -pipe -D__hal__ -DALT_NO_INSTRUCTION_EMULATION -DALT_SINGLE_THREADED    -O0 -g -Wall  -mno-hw-div -mno-hw-mul -mno-hw-mulx -mgpopt=global  -o "obj/default/main.o" "main.c"
main.c: In function 'main':
main.c:15:9: warning: implicit declaration of function 'flashsys_init_v1' [-Wimplicit-function-declaration]
   15 |         flashsys_init_v1(BTN_BASE, USR_TIMER_BASE);
      |         ^~~~~~~~~~~~~~~~
main.c:19:17: warning: implicit declaration of function 'sw_get_command_v1' [-Wimplicit-function-declaration]
   19 |                 sw_get_command_v1(BTN_BASE, SWITCH_BASE, &sw_cmd, JTAG_UART_BASE);
      |                 ^~~~~~~~~~~~~~~~~
main.c:20:17: warning: implicit declaration of function 'jtaguart_disp_msg_v1' [-Wimplicit-function-declaration]
   20 |                 jtaguart_disp_msg_v1(JTAG_UART_BASE, sw_cmd);
      |                 ^~~~~~~~~~~~~~~~~~~~
main.c:21:17: warning: implicit declaration of function 'sseg_disp_msg_v1'; did you mean 'sseg_disp_ptn'? [-Wimplicit-function-declaration]
   21 |                 sseg_disp_msg_v1(SSEG_BASE, sw_cmd);
      |                 ^~~~~~~~~~~~~~~~
      |                 sseg_disp_ptn
main.c:22:17: warning: implicit declaration of function 'led_flash_v1' [-Wimplicit-function-declaration]
   22 |                 led_flash_v1(LEDR_BASE, USR_TIMER_BASE, sw_cmd);
      |                 ^~~~~~~~~~~~
main.c: At top level:
main.c:28:6: warning: conflicting types for 'flashsys_init_v1'; have 'void(alt_u32,  alt_u32)' {aka 'void(long unsigned int,  long unsigned int)'}
   28 | void flashsys_init_v1(alt_u32 btn_base, alt_u32 timer_base){
      |      ^~~~~~~~~~~~~~~~
main.c:15:9: note: previous implicit declaration of 'flashsys_init_v1' with type 'void(alt_u32,  alt_u32)' {aka 'void(long unsigned int,  long unsigned int)'}
   15 |         flashsys_init_v1(BTN_BASE, USR_TIMER_BASE);
      |         ^~~~~~~~~~~~~~~~
main.c:33:6: warning: conflicting types for 'sw_get_command_v1'; have 'void(alt_u32,  alt_32,  cmd_type *, alt_u32)' {aka 'void(long unsigned int,  long int,  struct flash_cmd *, long unsigned int)'}
   33 | void sw_get_command_v1(alt_u32 btn_base, alt_32 sw_base, cmd_type *cmd, alt_u32 jtag_base){
      |      ^~~~~~~~~~~~~~~~~
main.c:19:17: note: previous implicit declaration of 'sw_get_command_v1' with type 'void(alt_u32,  alt_32,  cmd_type *, alt_u32)' {aka 'void(long unsigned int,  long int,  struct flash_cmd *, long unsigned int)'}
   19 |                 sw_get_command_v1(BTN_BASE, SWITCH_BASE, &sw_cmd, JTAG_UART_BASE);
      |                 ^~~~~~~~~~~~~~~~~
main.c:65:6: warning: conflicting types for 'jtaguart_disp_msg_v1'; have 'void(alt_u32,  cmd_type)' {aka 'void(long unsigned int,  struct flash_cmd)'}
   65 | void jtaguart_disp_msg_v1(alt_u32 jtag_base, cmd_type cmd){
      |      ^~~~~~~~~~~~~~~~~~~~
main.c:20:17: note: previous implicit declaration of 'jtaguart_disp_msg_v1' with type 'void(alt_u32,  cmd_type)' {aka 'void(long unsigned int,  struct flash_cmd)'}
   20 |                 jtaguart_disp_msg_v1(JTAG_UART_BASE, sw_cmd);
      |                 ^~~~~~~~~~~~~~~~~~~~
main.c:80:6: warning: conflicting types for 'sseg_disp_msg_v1'; have 'void(alt_u32,  cmd_type)' {aka 'void(long unsigned int,  struct flash_cmd)'}
   80 | void sseg_disp_msg_v1(alt_u32 sseg_base, cmd_type cmd){
      |      ^~~~~~~~~~~~~~~~
main.c:21:17: note: previous implicit declaration of 'sseg_disp_msg_v1' with type 'void(alt_u32,  cmd_type)' {aka 'void(long unsigned int,  struct flash_cmd)'}
   21 |                 sseg_disp_msg_v1(SSEG_BASE, sw_cmd);
      |                 ^~~~~~~~~~~~~~~~
main.c:103:6: warning: conflicting types for 'led_flash_v1'; have 'void(alt_u32,  alt_u32,  cmd_type)' {aka 'void(long unsigned int,  long unsigned int,  struct flash_cmd)'}
  103 | void led_flash_v1(alt_u32 led_base, alt_u32 timer_base, cmd_type cmd){
      |      ^~~~~~~~~~~~
main.c:22:17: note: previous implicit declaration of 'led_flash_v1' with type 'void(alt_u32,  alt_u32,  cmd_type)' {aka 'void(long unsigned int,  long unsigned int,  struct flash_cmd)'}
   22 |                 led_flash_v1(LEDR_BASE, USR_TIMER_BASE, sw_cmd);
      |                 ^~~~~~~~~~~~
Info: Linking nios_led2.elf
nios2-elf-g++ -T'../nios_led2_bsp//linker.x' -msys-crt0='../nios_led2_bsp//obj/HAL/src/crt0.o' -msys-lib=hal_bsp -L../nios_led2_bsp/   -Wl,-Map=nios_led2.map   -O0 -g -Wall  -mno-hw-div -mno-hw-mul -mno-hw-mulx -mgpopt=global  -o nios_led2.elf obj/default/gpio.o obj/default/main.o -lm -msys-lib=m
nios2-elf-insert nios_led2.elf --thread_model hal --cpu_name cpu --qsys true --simulation_enabled false --id 0 --sidp 0x41110 --timestamp 1667798332 --stderr_dev jtag_uart --stdin_dev jtag_uart --stdout_dev jtag_uart --sopc_system_name nios_led2 --quartus_project_dir "/home/danielcrovo/Documents/Daniel/01.Study/01.MScEE/02.Semester2/SoC/Lab4_SoC" --jdi ../..//output_files/nios_led2.jdi --sopcinfo /home/danielcrovo/Documents/Daniel/01.Study/01.MScEE/02.Semester2/SoC/Lab4_SoC/software/nios_led2_bsp/../../nios_led2.sopcinfo
Info: (nios_led2.elf) 108 KBytes program size (code + initialized data).
Info:                 12 KBytes free for stack + heap.
Info: Creating nios_led2.objdump
nios2-elf-objdump --disassemble --syms --all-header --source nios_led2.elf >nios_led2.objdump
[nios_led2 build complete]

02:36:07 Build Finished (took 385ms)

